<?xml version="1.0" encoding="UTF-8"?>
<!-- Generated by org.testng.reporters.JUnitReportReporter -->
<testsuite hostname="BDC4-D-5RPWQG2" name="com.test.PHPTravelsTest" tests="1" failures="0" timestamp="16 Oct 2018 11:01:12 GMT" time="19.081" errors="0">
  <testcase name="validAdminTest" time="19.081" classname="com.test.PHPTravelsTest"/>
</testsuite> <!-- com.test.PHPTravelsTest -->
